Determining if the pthread_create exist failed with the following output:
Change Dir: /home/ben/Bureau/miniMolViewer-new-optim/build/CMakeFiles/CMakeTmp

Run Build Command:"/usr/bin/make" "cmTC_d294a/fast"
/usr/bin/make -f CMakeFiles/cmTC_d294a.dir/build.make CMakeFiles/cmTC_d294a.dir/build
make[1] : on entre dans le répertoire « /home/ben/Bureau/miniMolViewer-new-optim/build/CMakeFiles/CMakeTmp »
Building C object CMakeFiles/cmTC_d294a.dir/CheckSymbolExists.c.o
/usr/bin/cc     -o CMakeFiles/cmTC_d294a.dir/CheckSymbolExists.c.o   -c /home/ben/Bureau/miniMolViewer-new-optim/build/CMakeFiles/CMakeTmp/CheckSymbolExists.c
Linking C executable cmTC_d294a
/usr/bin/cmake -E cmake_link_script CMakeFiles/cmTC_d294a.dir/link.txt --verbose=1
/usr/bin/cc       CMakeFiles/cmTC_d294a.dir/CheckSymbolExists.c.o  -o cmTC_d294a -rdynamic 
CMakeFiles/cmTC_d294a.dir/CheckSymbolExists.c.o : Dans la fonction « main » :
CheckSymbolExists.c:(.text+0x16) : référence indéfinie vers « pthread_create »
collect2: error: ld returned 1 exit status
CMakeFiles/cmTC_d294a.dir/build.make:97 : la recette pour la cible « cmTC_d294a » a échouée
make[1]: *** [cmTC_d294a] Erreur 1
make[1] : on quitte le répertoire « /home/ben/Bureau/miniMolViewer-new-optim/build/CMakeFiles/CMakeTmp »
Makefile:126 : la recette pour la cible « cmTC_d294a/fast » a échouée
make: *** [cmTC_d294a/fast] Erreur 2

File /home/ben/Bureau/miniMolViewer-new-optim/build/CMakeFiles/CMakeTmp/CheckSymbolExists.c:
/* */
#include <pthread.h>

int main(int argc, char** argv)
{
  (void)argv;
#ifndef pthread_create
  return ((int*)(&pthread_create))[argc];
#else
  (void)argc;
  return 0;
#endif
}

Determining if the function pthread_create exists in the pthreads failed with the following output:
Change Dir: /home/ben/Bureau/miniMolViewer-new-optim/build/CMakeFiles/CMakeTmp

Run Build Command:"/usr/bin/make" "cmTC_5d243/fast"
/usr/bin/make -f CMakeFiles/cmTC_5d243.dir/build.make CMakeFiles/cmTC_5d243.dir/build
make[1] : on entre dans le répertoire « /home/ben/Bureau/miniMolViewer-new-optim/build/CMakeFiles/CMakeTmp »
Building C object CMakeFiles/cmTC_5d243.dir/CheckFunctionExists.c.o
/usr/bin/cc    -DCHECK_FUNCTION_EXISTS=pthread_create   -o CMakeFiles/cmTC_5d243.dir/CheckFunctionExists.c.o   -c /usr/share/cmake-3.5/Modules/CheckFunctionExists.c
Linking C executable cmTC_5d243
/usr/bin/cmake -E cmake_link_script CMakeFiles/cmTC_5d243.dir/link.txt --verbose=1
/usr/bin/cc   -DCHECK_FUNCTION_EXISTS=pthread_create    CMakeFiles/cmTC_5d243.dir/CheckFunctionExists.c.o  -o cmTC_5d243 -rdynamic -lpthreads 
/usr/bin/ld : ne peut trouver -lpthreads
collect2: error: ld returned 1 exit status
CMakeFiles/cmTC_5d243.dir/build.make:97 : la recette pour la cible « cmTC_5d243 » a échouée
make[1]: *** [cmTC_5d243] Erreur 1
make[1] : on quitte le répertoire « /home/ben/Bureau/miniMolViewer-new-optim/build/CMakeFiles/CMakeTmp »
Makefile:126 : la recette pour la cible « cmTC_5d243/fast » a échouée
make: *** [cmTC_5d243/fast] Erreur 2


